[debug] [2025-09-09T16:50:52.901Z] ----------------------------------------------------------------------
[debug] [2025-09-09T16:50:52.906Z] Command:       C:\Program Files\nodejs\node.exe C:\Users\USER\AppData\Roaming\npm\node_modules\firebase-tools\lib\bin\firebase.js init
[debug] [2025-09-09T16:50:52.906Z] CLI Version:   14.15.2
[debug] [2025-09-09T16:50:52.906Z] Platform:      win32
[debug] [2025-09-09T16:50:52.906Z] Node Version:  v22.17.0
[debug] [2025-09-09T16:50:52.907Z] Time:          Tue Sep 09 2025 13:50:52 GMT-0300 (Horário Padrão de Brasília)
[debug] [2025-09-09T16:50:52.907Z] ----------------------------------------------------------------------
[debug] 
[debug] [2025-09-09T16:50:52.912Z] > command requires scopes: ["email","openid","https://www.googleapis.com/auth/cloudplatformprojects.readonly","https://www.googleapis.com/auth/firebase","https://www.googleapis.com/auth/cloud-platform"]
[debug] [2025-09-09T16:50:52.913Z] > authorizing via signed-in user (atendimentommgcascavel@gmail.com)
[info] 
     ######## #### ########  ######## ########     ###     ######  ########
     ##        ##  ##     ## ##       ##     ##  ##   ##  ##       ##
     ######    ##  ########  ######   ########  #########  ######  ######
     ##        ##  ##    ##  ##       ##     ## ##     ##       ## ##
     ##       #### ##     ## ######## ########  ##     ##  ######  ########

You're about to initialize a Firebase project in this directory:

  C:\Users\USER\site1

[info] 
=== Project Setup
[info] 
[info] First, let's associate this project directory with a Firebase project.
[info] You can create multiple project aliases by running firebase use --add, 
[info] but for now we'll just set up a default project.
[info] 
[debug] [2025-09-09T16:51:43.850Z] Checked if tokens are valid: false, expires at: 1757432640573
[debug] [2025-09-09T16:51:43.850Z] Checked if tokens are valid: false, expires at: 1757432640573
[debug] [2025-09-09T16:51:43.851Z] > refreshing access token with scopes: []
[debug] [2025-09-09T16:51:43.853Z] >>> [apiv2][query] POST https://www.googleapis.com/oauth2/v3/token [none]
[debug] [2025-09-09T16:51:43.853Z] >>> [apiv2][body] POST https://www.googleapis.com/oauth2/v3/token [omitted]
[debug] [2025-09-09T16:51:44.950Z] <<< [apiv2][status] POST https://www.googleapis.com/oauth2/v3/token 200
[debug] [2025-09-09T16:51:44.950Z] <<< [apiv2][body] POST https://www.googleapis.com/oauth2/v3/token [omitted]
[debug] [2025-09-09T16:51:44.960Z] >>> [apiv2][query] GET https://firebase.googleapis.com/v1beta1/projects pageSize=100
[debug] [2025-09-09T16:51:46.132Z] <<< [apiv2][status] GET https://firebase.googleapis.com/v1beta1/projects 200
[debug] [2025-09-09T16:51:46.132Z] <<< [apiv2][body] GET https://firebase.googleapis.com/v1beta1/projects [omitted]
[info] i  Using project meuprojeto-257f0 (MeuProjeto) 
[info] 
=== Dataconnect Setup
[debug] [2025-09-09T16:51:46.380Z] Checked if tokens are valid: true, expires at: 1757440303950
[debug] [2025-09-09T16:51:46.380Z] Checked if tokens are valid: true, expires at: 1757440303950
[debug] [2025-09-09T16:51:46.381Z] >>> [apiv2][query] GET https://cloudbilling.googleapis.com/v1/projects/meuprojeto-257f0/billingInfo [none]
[debug] [2025-09-09T16:51:47.661Z] <<< [apiv2][status] GET https://cloudbilling.googleapis.com/v1/projects/meuprojeto-257f0/billingInfo 200
[debug] [2025-09-09T16:51:47.662Z] <<< [apiv2][body] GET https://cloudbilling.googleapis.com/v1/projects/meuprojeto-257f0/billingInfo {"name":"projects/meuprojeto-257f0/billingInfo","projectId":"meuprojeto-257f0","billingAccountName":"billingAccounts/014960-D5BB00-D9AC2A","billingEnabled":true}
[info] i  dataconnect: ensuring required API firebasedataconnect.googleapis.com is enabled... 
[debug] [2025-09-09T16:51:47.663Z] Checked if tokens are valid: true, expires at: 1757440303950
[debug] [2025-09-09T16:51:47.663Z] Checked if tokens are valid: true, expires at: 1757440303950
[info] i  dataconnect: ensuring required API sqladmin.googleapis.com is enabled... 
[debug] [2025-09-09T16:51:47.664Z] Checked if tokens are valid: true, expires at: 1757440303950
[debug] [2025-09-09T16:51:47.664Z] Checked if tokens are valid: true, expires at: 1757440303950
[debug] [2025-09-09T16:51:47.664Z] >>> [apiv2][query] GET https://serviceusage.googleapis.com/v1/projects/meuprojeto-257f0/services/firebasedataconnect.googleapis.com [none]
[debug] [2025-09-09T16:51:47.664Z] >>> [apiv2][(partial)header] GET https://serviceusage.googleapis.com/v1/projects/meuprojeto-257f0/services/firebasedataconnect.googleapis.com x-goog-quota-user=projects/meuprojeto-257f0
[debug] [2025-09-09T16:51:47.666Z] >>> [apiv2][query] GET https://serviceusage.googleapis.com/v1/projects/meuprojeto-257f0/services/sqladmin.googleapis.com [none]
[debug] [2025-09-09T16:51:47.667Z] >>> [apiv2][(partial)header] GET https://serviceusage.googleapis.com/v1/projects/meuprojeto-257f0/services/sqladmin.googleapis.com x-goog-quota-user=projects/meuprojeto-257f0
[debug] [2025-09-09T16:51:48.808Z] <<< [apiv2][status] GET https://serviceusage.googleapis.com/v1/projects/meuprojeto-257f0/services/firebasedataconnect.googleapis.com 200
[debug] [2025-09-09T16:51:48.808Z] <<< [apiv2][body] GET https://serviceusage.googleapis.com/v1/projects/meuprojeto-257f0/services/firebasedataconnect.googleapis.com [omitted]
[warn] !  dataconnect: missing required API firebasedataconnect.googleapis.com. Enabling now... 
[debug] [2025-09-09T16:51:48.810Z] Checked if tokens are valid: true, expires at: 1757440303950
[debug] [2025-09-09T16:51:48.810Z] Checked if tokens are valid: true, expires at: 1757440303950
[debug] [2025-09-09T16:51:48.811Z] >>> [apiv2][query] POST https://serviceusage.googleapis.com/v1/projects/meuprojeto-257f0/services/firebasedataconnect.googleapis.com:enable [none]
[debug] [2025-09-09T16:51:48.811Z] >>> [apiv2][(partial)header] POST https://serviceusage.googleapis.com/v1/projects/meuprojeto-257f0/services/firebasedataconnect.googleapis.com:enable x-goog-quota-user=projects/meuprojeto-257f0
[debug] [2025-09-09T16:51:48.829Z] <<< [apiv2][status] GET https://serviceusage.googleapis.com/v1/projects/meuprojeto-257f0/services/sqladmin.googleapis.com 200
[debug] [2025-09-09T16:51:48.829Z] <<< [apiv2][body] GET https://serviceusage.googleapis.com/v1/projects/meuprojeto-257f0/services/sqladmin.googleapis.com [omitted]
[warn] !  dataconnect: missing required API sqladmin.googleapis.com. Enabling now... 
[debug] [2025-09-09T16:51:48.831Z] Checked if tokens are valid: true, expires at: 1757440303950
[debug] [2025-09-09T16:51:48.831Z] Checked if tokens are valid: true, expires at: 1757440303950
[debug] [2025-09-09T16:51:48.831Z] >>> [apiv2][query] POST https://serviceusage.googleapis.com/v1/projects/meuprojeto-257f0/services/sqladmin.googleapis.com:enable [none]
[debug] [2025-09-09T16:51:48.831Z] >>> [apiv2][(partial)header] POST https://serviceusage.googleapis.com/v1/projects/meuprojeto-257f0/services/sqladmin.googleapis.com:enable x-goog-quota-user=projects/meuprojeto-257f0
[debug] [2025-09-09T16:51:49.669Z] <<< [apiv2][status] POST https://serviceusage.googleapis.com/v1/projects/meuprojeto-257f0/services/firebasedataconnect.googleapis.com:enable 200
[debug] [2025-09-09T16:51:49.669Z] <<< [apiv2][body] POST https://serviceusage.googleapis.com/v1/projects/meuprojeto-257f0/services/firebasedataconnect.googleapis.com:enable [omitted]
[debug] [2025-09-09T16:51:49.855Z] <<< [apiv2][status] POST https://serviceusage.googleapis.com/v1/projects/meuprojeto-257f0/services/sqladmin.googleapis.com:enable 200
[debug] [2025-09-09T16:51:49.855Z] <<< [apiv2][body] POST https://serviceusage.googleapis.com/v1/projects/meuprojeto-257f0/services/sqladmin.googleapis.com:enable [omitted]
[debug] [2025-09-09T16:51:59.871Z] Checked if tokens are valid: true, expires at: 1757440303950
[debug] [2025-09-09T16:51:59.871Z] Checked if tokens are valid: true, expires at: 1757440303950
[debug] [2025-09-09T16:51:59.871Z] >>> [apiv2][query] GET https://firebasedataconnect.googleapis.com/v1/projects/meuprojeto-257f0/locations/-/services [none]
[debug] [2025-09-09T16:52:01.700Z] <<< [apiv2][status] GET https://firebasedataconnect.googleapis.com/v1/projects/meuprojeto-257f0/locations/-/services 200
[debug] [2025-09-09T16:52:01.700Z] <<< [apiv2][body] GET https://firebasedataconnect.googleapis.com/v1/projects/meuprojeto-257f0/locations/-/services {}
[debug] [2025-09-09T16:54:34.737Z] Checked if tokens are valid: true, expires at: 1757440303950
[debug] [2025-09-09T16:54:34.737Z] Checked if tokens are valid: true, expires at: 1757440303950
[debug] [2025-09-09T16:54:34.738Z] >>> [apiv2][query] GET https://sqladmin.googleapis.com/v1/projects/meuprojeto-257f0/instances [none]
[debug] [2025-09-09T16:54:35.984Z] <<< [apiv2][status] GET https://sqladmin.googleapis.com/v1/projects/meuprojeto-257f0/instances 200
[debug] [2025-09-09T16:54:35.984Z] <<< [apiv2][body] GET https://sqladmin.googleapis.com/v1/projects/meuprojeto-257f0/instances {}
[debug] [2025-09-09T16:54:35.985Z] Checked if tokens are valid: true, expires at: 1757440303950
[debug] [2025-09-09T16:54:35.985Z] Checked if tokens are valid: true, expires at: 1757440303950
[debug] [2025-09-09T16:54:35.985Z] >>> [apiv2][query] GET https://firebasedataconnect.googleapis.com/v1/projects/meuprojeto-257f0/locations [none]
[debug] [2025-09-09T16:54:36.995Z] <<< [apiv2][status] GET https://firebasedataconnect.googleapis.com/v1/projects/meuprojeto-257f0/locations 200
[debug] [2025-09-09T16:54:36.995Z] <<< [apiv2][body] GET https://firebasedataconnect.googleapis.com/v1/projects/meuprojeto-257f0/locations {"locations":[{"name":"projects/meuprojeto-257f0/locations/asia-east1","locationId":"asia-east1","displayName":"Taiwan"},{"name":"projects/meuprojeto-257f0/locations/asia-east2","locationId":"asia-east2","displayName":"Hong Kong"},{"name":"projects/meuprojeto-257f0/locations/asia-northeast1","locationId":"asia-northeast1","displayName":"Tokyo"},{"name":"projects/meuprojeto-257f0/locations/asia-northeast2","locationId":"asia-northeast2","displayName":"Osaka"},{"name":"projects/meuprojeto-257f0/locations/asia-northeast3","locationId":"asia-northeast3","displayName":"Seoul"},{"name":"projects/meuprojeto-257f0/locations/asia-south1","locationId":"asia-south1","displayName":"Mumbai"},{"name":"projects/meuprojeto-257f0/locations/asia-southeast1","locationId":"asia-southeast1","displayName":"Singapore"},{"name":"projects/meuprojeto-257f0/locations/asia-southeast2","locationId":"asia-southeast2","displayName":"Jakarta"},{"name":"projects/meuprojeto-257f0/locations/australia-southeast1","locationId":"australia-southeast1","displayName":"Sydney"},{"name":"projects/meuprojeto-257f0/locations/australia-southeast2","locationId":"australia-southeast2","displayName":"Melbourne"},{"name":"projects/meuprojeto-257f0/locations/europe-central2","locationId":"europe-central2","displayName":"Warsaw"},{"name":"projects/meuprojeto-257f0/locations/europe-north1","locationId":"europe-north1","displayName":"Finland"},{"name":"projects/meuprojeto-257f0/locations/europe-southwest1","locationId":"europe-southwest1","displayName":"Madrid"},{"name":"projects/meuprojeto-257f0/locations/europe-west1","locationId":"europe-west1","displayName":"Belgium"},{"name":"projects/meuprojeto-257f0/locations/europe-west2","locationId":"europe-west2","displayName":"London"},{"name":"projects/meuprojeto-257f0/locations/europe-west3","locationId":"europe-west3","displayName":"Frankfurt"},{"name":"projects/meuprojeto-257f0/locations/europe-west4","locationId":"europe-west4","displayName":"Netherlands"},{"name":"projects/meuprojeto-257f0/locations/europe-west6","locationId":"europe-west6","displayName":"Zurich"},{"name":"projects/meuprojeto-257f0/locations/europe-west8","locationId":"europe-west8","displayName":"Milan"},{"name":"projects/meuprojeto-257f0/locations/europe-west9","locationId":"europe-west9","displayName":"Paris"},{"name":"projects/meuprojeto-257f0/locations/me-west1","locationId":"me-west1","displayName":"Tel Aviv"},{"name":"projects/meuprojeto-257f0/locations/northamerica-northeast1","locationId":"northamerica-northeast1","displayName":"Montréal"},{"name":"projects/meuprojeto-257f0/locations/northamerica-northeast2","locationId":"northamerica-northeast2","displayName":"Toronto"},{"name":"projects/meuprojeto-257f0/locations/southamerica-east1","locationId":"southamerica-east1","displayName":"São Paulo"},{"name":"projects/meuprojeto-257f0/locations/southamerica-west1","locationId":"southamerica-west1","displayName":"Santiago"},{"name":"projects/meuprojeto-257f0/locations/us-central1","locationId":"us-central1","displayName":"Iowa"},{"name":"projects/meuprojeto-257f0/locations/us-east1","locationId":"us-east1","displayName":"South Carolina"},{"name":"projects/meuprojeto-257f0/locations/us-east4","locationId":"us-east4","displayName":"Northern Virginia"},{"name":"projects/meuprojeto-257f0/locations/us-south1","locationId":"us-south1","displayName":"Dallas"},{"name":"projects/meuprojeto-257f0/locations/us-west1","locationId":"us-west1","displayName":"Oregon"},{"name":"projects/meuprojeto-257f0/locations/us-west2","locationId":"us-west2","displayName":"Los Angeles"},{"name":"projects/meuprojeto-257f0/locations/us-west3","locationId":"us-west3","displayName":"Salt Lake City"},{"name":"projects/meuprojeto-257f0/locations/us-west4","locationId":"us-west4","displayName":"Las Vegas"}]}
[info] +  dataconnect: Detected existing apps . (web) 
[debug] [2025-09-09T16:54:39.165Z] Checked if tokens are valid: true, expires at: 1757440303950
[debug] [2025-09-09T16:54:39.165Z] Checked if tokens are valid: true, expires at: 1757440303950
[debug] [2025-09-09T16:54:39.165Z] >>> [apiv2][query] GET https://sqladmin.googleapis.com/v1/projects/meuprojeto-257f0/instances/site1-fdc [none]
[debug] [2025-09-09T16:54:39.424Z] <<< [apiv2][status] GET https://sqladmin.googleapis.com/v1/projects/meuprojeto-257f0/instances/site1-fdc 404
[debug] [2025-09-09T16:54:39.424Z] <<< [apiv2][body] GET https://sqladmin.googleapis.com/v1/projects/meuprojeto-257f0/instances/site1-fdc {"error":{"code":404,"message":"The Cloud SQL instance does not exist.","errors":[{"message":"The Cloud SQL instance does not exist.","domain":"global","reason":"instanceDoesNotExist"}]}}
[debug] [2025-09-09T16:54:39.425Z] Checked if tokens are valid: true, expires at: 1757440303950
[debug] [2025-09-09T16:54:39.425Z] Checked if tokens are valid: true, expires at: 1757440303950
[debug] [2025-09-09T16:54:39.425Z] >>> [apiv2][query] GET https://monitoring.googleapis.com/v3/projects/meuprojeto-257f0/timeSeries/ filter=metric.type%3D%22serviceruntime.googleapis.com%2Fquota%2Fallocation%2Fusage%22+AND+metric.label.quota_metric+%3D+%22sqladmin.googleapis.com%2Ffdc_lifetime_free_trial_per_project%22&interval.endTime=2025-09-09T16%3A54%3A39.425Z&interval.startTime=2025-09-02T16%3A54%3A39.425Z
[debug] [2025-09-09T16:54:40.742Z] <<< [apiv2][status] GET https://monitoring.googleapis.com/v3/projects/meuprojeto-257f0/timeSeries/ 200
[debug] [2025-09-09T16:54:40.743Z] <<< [apiv2][body] GET https://monitoring.googleapis.com/v3/projects/meuprojeto-257f0/timeSeries/ {"unit":"1"}
[info] +  dataconnect: CloudSQL no cost trial available! 
[debug] [2025-09-09T16:54:40.751Z] Checked if tokens are valid: true, expires at: 1757440303950
[debug] [2025-09-09T16:54:40.752Z] Checked if tokens are valid: true, expires at: 1757440303950
[debug] [2025-09-09T16:54:40.752Z] >>> [apiv2][query] POST https://sqladmin.googleapis.com/v1/projects/meuprojeto-257f0/instances [none]
[debug] [2025-09-09T16:54:40.752Z] >>> [apiv2][body] POST https://sqladmin.googleapis.com/v1/projects/meuprojeto-257f0/instances {"name":"site1-fdc","region":"us-central1","databaseVersion":"POSTGRES_15","settings":{"tier":"db-f1-micro","edition":"ENTERPRISE","ipConfiguration":{"authorizedNetworks":[]},"enableGoogleMlIntegration":false,"databaseFlags":[{"name":"cloudsql.iam_authentication","value":"on"}],"storageAutoResize":false,"userLabels":{"firebase-data-connect":"ft"},"insightsConfig":{"queryInsightsEnabled":true,"queryPlansPerMinute":5,"queryStringLength":1024}}}
[debug] [2025-09-09T16:54:43.990Z] <<< [apiv2][status] POST https://sqladmin.googleapis.com/v1/projects/meuprojeto-257f0/instances 200
[debug] [2025-09-09T16:54:43.991Z] <<< [apiv2][body] POST https://sqladmin.googleapis.com/v1/projects/meuprojeto-257f0/instances {"kind":"sql#operation","targetLink":"https://sqladmin.googleapis.com/v1/projects/meuprojeto-257f0/instances/site1-fdc","status":"PENDING","user":"atendimentommgcascavel@gmail.com","insertTime":"2025-09-09T16:54:43.275Z","operationType":"CREATE","name":"e426b3c5-0cf3-4a80-b496-6cca00000032","targetId":"site1-fdc","selfLink":"https://sqladmin.googleapis.com/v1/projects/meuprojeto-257f0/operations/e426b3c5-0cf3-4a80-b496-6cca00000032","targetProject":"meuprojeto-257f0"}
[info] i  dataconnect: Cloud SQL Instance site1-fdc is being created.
This instance is provided under the terms of the Data Connect no-cost trial https://firebase.google.com/pricing
   Meanwhile, your data are saved in a temporary database and will be migrated once complete. Monitor its progress at

   https://console.cloud.google.com/sql/instances/site1-fdc/overview?project=meuprojeto-257f0
 
[info] +  Wrote dataconnect\dataconnect.yaml 
[info] +  Wrote dataconnect\schema\schema.gql 
[info] +  Wrote dataconnect\example\connector.yaml 
[info] +  Wrote dataconnect\example\queries.gql 
[info] +  Wrote dataconnect\example\mutations.gql 
[info] +  Wrote dataconnect\example\connector.yaml 
[info] i  dataconnect: Installing the generated SDKs ... 
[info] i  dataconnect: downloading dataconnect-emulator-2.12.0.exe... {"metadata":{"emulator":{"name":"dataconnect"},"message":"downloading dataconnect-emulator-2.12.0.exe..."}}
[debug] [2025-09-09T16:54:44.060Z] >>> [apiv2][query] GET https://storage.googleapis.com/firemat-preview-drop/emulator/dataconnect-emulator-windows-v2.12.0 
[debug] [2025-09-09T16:54:44.478Z] <<< [apiv2][status] GET https://storage.googleapis.com/firemat-preview-drop/emulator/dataconnect-emulator-windows-v2.12.0 200
[debug] [2025-09-09T16:54:44.478Z] <<< [apiv2][body] GET https://storage.googleapis.com/firemat-preview-drop/emulator/dataconnect-emulator-windows-v2.12.0 [stream]
[debug] [2025-09-09T16:54:51.087Z] defaultcredentials: writing to file C:\Users\USER\AppData\Roaming\firebase\atendimentommgcascavel_gmail_com_application_default_credentials.json
[info] +  dataconnect: Installed generated SDKs for . (web) 
[info] i  Visit https://firebase.google.com/docs/data-connect/web-sdk#react for more information on how to set up React Generated SDKs for Firebase Data Connect 
[info] 
=== Firestore Setup
[info] i  firestore: ensuring required API firestore.googleapis.com is enabled... 
[debug] [2025-09-09T16:55:03.215Z] Checked if tokens are valid: true, expires at: 1757440303950
[debug] [2025-09-09T16:55:03.215Z] Checked if tokens are valid: true, expires at: 1757440303950
[debug] [2025-09-09T16:55:03.215Z] >>> [apiv2][query] GET https://serviceusage.googleapis.com/v1/projects/meuprojeto-257f0/services/firestore.googleapis.com [none]
[debug] [2025-09-09T16:55:03.215Z] >>> [apiv2][(partial)header] GET https://serviceusage.googleapis.com/v1/projects/meuprojeto-257f0/services/firestore.googleapis.com x-goog-quota-user=projects/meuprojeto-257f0
[debug] [2025-09-09T16:55:04.286Z] <<< [apiv2][status] GET https://serviceusage.googleapis.com/v1/projects/meuprojeto-257f0/services/firestore.googleapis.com 200
[debug] [2025-09-09T16:55:04.286Z] <<< [apiv2][body] GET https://serviceusage.googleapis.com/v1/projects/meuprojeto-257f0/services/firestore.googleapis.com [omitted]
[info] +  firestore: required API firestore.googleapis.com is enabled 
[debug] [2025-09-09T16:55:04.290Z] Checked if tokens are valid: true, expires at: 1757440303950
[debug] [2025-09-09T16:55:04.290Z] Checked if tokens are valid: true, expires at: 1757440303950
[debug] [2025-09-09T16:55:04.290Z] >>> [apiv2][query] GET https://firestore.googleapis.com/v1/projects/meuprojeto-257f0/databases [none]
[debug] [2025-09-09T16:55:05.148Z] <<< [apiv2][status] GET https://firestore.googleapis.com/v1/projects/meuprojeto-257f0/databases 200
[debug] [2025-09-09T16:55:05.148Z] <<< [apiv2][body] GET https://firestore.googleapis.com/v1/projects/meuprojeto-257f0/databases {"databases":[{"name":"projects/meuprojeto-257f0/databases/(default)","uid":"8551f754-0551-4579-a118-65d643a06757","createTime":"2025-07-29T16:21:14.303681Z","updateTime":"2025-07-29T16:21:14.303681Z","locationId":"nam5","type":"FIRESTORE_NATIVE","concurrencyMode":"PESSIMISTIC","versionRetentionPeriod":"3600s","earliestVersionTime":"2025-09-09T15:55:04.521040Z","appEngineIntegrationMode":"DISABLED","keyPrefix":"s","pointInTimeRecoveryEnablement":"POINT_IN_TIME_RECOVERY_DISABLED","deleteProtectionState":"DELETE_PROTECTION_DISABLED","databaseEdition":"STANDARD","freeTier":true,"etag":"IIeEkdOSzI8DMKzZ5+XE4o4D"}]}
[info] 
[info] Firestore Security Rules allow you to define how and when to allow
[info] requests. You can keep these rules in your project directory
[info] and publish them with firebase deploy.
[info] 
[debug] [2025-09-09T16:55:08.507Z] Checked if tokens are valid: true, expires at: 1757440303950
[debug] [2025-09-09T16:55:08.507Z] Checked if tokens are valid: true, expires at: 1757440303950
[debug] [2025-09-09T16:55:08.507Z] >>> [apiv2][query] GET https://firebaserules.googleapis.com/v1/projects/meuprojeto-257f0/releases pageSize=10&pageToken=
[debug] [2025-09-09T16:55:09.651Z] <<< [apiv2][status] GET https://firebaserules.googleapis.com/v1/projects/meuprojeto-257f0/releases 200
[debug] [2025-09-09T16:55:09.651Z] <<< [apiv2][body] GET https://firebaserules.googleapis.com/v1/projects/meuprojeto-257f0/releases {"releases":[{"name":"projects/meuprojeto-257f0/releases/cloud.firestore","rulesetName":"projects/meuprojeto-257f0/rulesets/a6adfee9-363a-4829-b8e2-e69a56d743fc","createTime":"2025-07-29T17:08:02.588073Z","updateTime":"2025-09-09T16:15:25.225915Z"},{"name":"projects/meuprojeto-257f0/releases/firebase.storage","rulesetName":"projects/meuprojeto-257f0/rulesets/435b853b-6464-41ec-8390-ac16ea4925a4","createTime":"2025-08-05T19:26:41.153550Z","updateTime":"2025-08-05T19:26:41.153550Z"},{"name":"projects/meuprojeto-257f0/releases/firebase.storage/meuprojeto-257f0","rulesetName":"projects/meuprojeto-257f0/rulesets/0dacbbcc-7baa-47e4-8d93-53180ce84ff4","createTime":"2025-08-13T16:56:53.372264Z","updateTime":"2025-08-13T16:56:53.372264Z"},{"name":"projects/meuprojeto-257f0/releases/firebase.storage/meuprojeto-257f0.firebasestorage.app","rulesetName":"projects/meuprojeto-257f0/rulesets/2302822b-e8a3-44fb-a4b8-f6440a542a55","createTime":"2025-08-13T16:29:32.464949Z","updateTime":"2025-09-08T17:31:45.812086Z"}]}
[debug] [2025-09-09T16:55:09.668Z] Checked if tokens are valid: true, expires at: 1757440303950
[debug] [2025-09-09T16:55:09.668Z] Checked if tokens are valid: true, expires at: 1757440303950
[debug] [2025-09-09T16:55:09.668Z] >>> [apiv2][query] GET https://firebaserules.googleapis.com/v1/projects/meuprojeto-257f0/rulesets/a6adfee9-363a-4829-b8e2-e69a56d743fc [none]
[debug] [2025-09-09T16:55:09.935Z] <<< [apiv2][status] GET https://firebaserules.googleapis.com/v1/projects/meuprojeto-257f0/rulesets/a6adfee9-363a-4829-b8e2-e69a56d743fc 200
[debug] [2025-09-09T16:55:09.935Z] <<< [apiv2][body] GET https://firebaserules.googleapis.com/v1/projects/meuprojeto-257f0/rulesets/a6adfee9-363a-4829-b8e2-e69a56d743fc [omitted]
[info] i  Downloaded the existing Firestore Security Rules from the Firebase console 
[info] 
[info] Firestore indexes allow you to perform complex queries while
[info] maintaining performance that scales with the size of the result
[info] set. You can keep index definitions in your project directory
[info] and publish them with firebase deploy.
[info] 
[debug] [2025-09-09T16:55:29.271Z] Checked if tokens are valid: true, expires at: 1757440303950
[debug] [2025-09-09T16:55:29.271Z] Checked if tokens are valid: true, expires at: 1757440303950
[debug] [2025-09-09T16:55:29.271Z] Checked if tokens are valid: true, expires at: 1757440303950
[debug] [2025-09-09T16:55:29.271Z] Checked if tokens are valid: true, expires at: 1757440303950
[debug] [2025-09-09T16:55:29.271Z] >>> [apiv2][query] GET https://firestore.googleapis.com/v1/projects/meuprojeto-257f0/databases/(default)/collectionGroups/-/indexes [none]
[debug] [2025-09-09T16:55:29.275Z] >>> [apiv2][query] GET https://firestore.googleapis.com/v1/projects/meuprojeto-257f0/databases/(default)/collectionGroups/-/fields?filter=indexConfig.usesAncestorConfig=false OR ttlConfig:* [none]
[debug] [2025-09-09T16:55:30.468Z] <<< [apiv2][status] GET https://firestore.googleapis.com/v1/projects/meuprojeto-257f0/databases/(default)/collectionGroups/-/indexes 200
[debug] [2025-09-09T16:55:30.468Z] <<< [apiv2][body] GET https://firestore.googleapis.com/v1/projects/meuprojeto-257f0/databases/(default)/collectionGroups/-/indexes {"indexes":[{"name":"projects/meuprojeto-257f0/databases/(default)/collectionGroups/applications/indexes/CICAgOjXh4EK","queryScope":"COLLECTION","fields":[{"fieldPath":"cpf","order":"ASCENDING"},{"fieldPath":"fullName","order":"ASCENDING"},{"fieldPath":"__name__","order":"ASCENDING"}],"state":"READY","density":"SPARSE_ALL"}]}
[debug] [2025-09-09T16:55:30.472Z] <<< [apiv2][status] GET https://firestore.googleapis.com/v1/projects/meuprojeto-257f0/databases/(default)/collectionGroups/-/fields?filter=indexConfig.usesAncestorConfig=false OR ttlConfig:* 200
[debug] [2025-09-09T16:55:30.472Z] <<< [apiv2][body] GET https://firestore.googleapis.com/v1/projects/meuprojeto-257f0/databases/(default)/collectionGroups/-/fields?filter=indexConfig.usesAncestorConfig=false OR ttlConfig:* {"fields":[{"name":"projects/meuprojeto-257f0/databases/(default)/collectionGroups/__default__/fields/*","indexConfig":{"indexes":[{"queryScope":"COLLECTION","fields":[{"fieldPath":"*","order":"ASCENDING"}],"state":"READY"},{"queryScope":"COLLECTION","fields":[{"fieldPath":"*","order":"DESCENDING"}],"state":"READY"},{"queryScope":"COLLECTION","fields":[{"fieldPath":"*","arrayConfig":"CONTAINS"}],"state":"READY"}]}}]}
[info] i  Downloaded the existing Firestore indexes from the Firebase console 
[info] +  Wrote firestore.rules 
[info] +  Wrote firestore.indexes.json 
[info] 
=== Genkit Setup
[debug] [2025-09-09T16:55:40.384Z] > command requires scopes: ["email","openid","https://www.googleapis.com/auth/cloudplatformprojects.readonly","https://www.googleapis.com/auth/firebase","https://www.googleapis.com/auth/cloud-platform"]
[debug] [2025-09-09T16:55:40.385Z] > authorizing via signed-in user (atendimentommgcascavel@gmail.com)
[debug] [2025-09-09T16:55:40.385Z] [iam] checking project meuprojeto-257f0 for permissions ["firebase.projects.get"]
[debug] [2025-09-09T16:55:40.385Z] Checked if tokens are valid: true, expires at: 1757440303950
[debug] [2025-09-09T16:55:40.386Z] Checked if tokens are valid: true, expires at: 1757440303950
[debug] [2025-09-09T16:55:40.386Z] >>> [apiv2][query] POST https://cloudresourcemanager.googleapis.com/v1/projects/meuprojeto-257f0:testIamPermissions [none]
[debug] [2025-09-09T16:55:40.386Z] >>> [apiv2][(partial)header] POST https://cloudresourcemanager.googleapis.com/v1/projects/meuprojeto-257f0:testIamPermissions x-goog-quota-user=projects/meuprojeto-257f0
[debug] [2025-09-09T16:55:40.386Z] >>> [apiv2][body] POST https://cloudresourcemanager.googleapis.com/v1/projects/meuprojeto-257f0:testIamPermissions {"permissions":["firebase.projects.get"]}
[debug] [2025-09-09T16:55:41.360Z] <<< [apiv2][status] POST https://cloudresourcemanager.googleapis.com/v1/projects/meuprojeto-257f0:testIamPermissions 200
[debug] [2025-09-09T16:55:41.360Z] <<< [apiv2][body] POST https://cloudresourcemanager.googleapis.com/v1/projects/meuprojeto-257f0:testIamPermissions {"permissions":["firebase.projects.get"]}
[debug] [2025-09-09T16:55:41.361Z] Checked if tokens are valid: true, expires at: 1757440303950
[debug] [2025-09-09T16:55:41.361Z] Checked if tokens are valid: true, expires at: 1757440303950
[debug] [2025-09-09T16:55:41.361Z] Checked if tokens are valid: true, expires at: 1757440303950
[debug] [2025-09-09T16:55:41.361Z] Checked if tokens are valid: true, expires at: 1757440303950
[debug] [2025-09-09T16:55:41.361Z] >>> [apiv2][query] GET https://serviceusage.googleapis.com/v1/projects/meuprojeto-257f0/services/cloudfunctions.googleapis.com [none]
[debug] [2025-09-09T16:55:41.361Z] >>> [apiv2][(partial)header] GET https://serviceusage.googleapis.com/v1/projects/meuprojeto-257f0/services/cloudfunctions.googleapis.com x-goog-quota-user=projects/meuprojeto-257f0
[debug] [2025-09-09T16:55:41.364Z] >>> [apiv2][query] GET https://serviceusage.googleapis.com/v1/projects/meuprojeto-257f0/services/runtimeconfig.googleapis.com [none]
[debug] [2025-09-09T16:55:41.364Z] >>> [apiv2][(partial)header] GET https://serviceusage.googleapis.com/v1/projects/meuprojeto-257f0/services/runtimeconfig.googleapis.com x-goog-quota-user=projects/meuprojeto-257f0
[debug] [2025-09-09T16:55:42.407Z] <<< [apiv2][status] GET https://serviceusage.googleapis.com/v1/projects/meuprojeto-257f0/services/cloudfunctions.googleapis.com 200
[debug] [2025-09-09T16:55:42.407Z] <<< [apiv2][body] GET https://serviceusage.googleapis.com/v1/projects/meuprojeto-257f0/services/cloudfunctions.googleapis.com [omitted]
[debug] [2025-09-09T16:55:42.407Z] Checked if tokens are valid: true, expires at: 1757440303950
[debug] [2025-09-09T16:55:42.407Z] Checked if tokens are valid: true, expires at: 1757440303950
[debug] [2025-09-09T16:55:42.407Z] >>> [apiv2][query] POST https://serviceusage.googleapis.com/v1/projects/meuprojeto-257f0/services/cloudfunctions.googleapis.com:enable [none]
[debug] [2025-09-09T16:55:42.407Z] >>> [apiv2][(partial)header] POST https://serviceusage.googleapis.com/v1/projects/meuprojeto-257f0/services/cloudfunctions.googleapis.com:enable x-goog-quota-user=projects/meuprojeto-257f0
[debug] [2025-09-09T16:55:42.426Z] <<< [apiv2][status] GET https://serviceusage.googleapis.com/v1/projects/meuprojeto-257f0/services/runtimeconfig.googleapis.com 200
[debug] [2025-09-09T16:55:42.426Z] <<< [apiv2][body] GET https://serviceusage.googleapis.com/v1/projects/meuprojeto-257f0/services/runtimeconfig.googleapis.com [omitted]
[debug] [2025-09-09T16:55:43.046Z] <<< [apiv2][status] POST https://serviceusage.googleapis.com/v1/projects/meuprojeto-257f0/services/cloudfunctions.googleapis.com:enable 200
[debug] [2025-09-09T16:55:43.046Z] <<< [apiv2][body] POST https://serviceusage.googleapis.com/v1/projects/meuprojeto-257f0/services/cloudfunctions.googleapis.com:enable [omitted]
[info] Let's create a new codebase for your functions.
[info] A directory corresponding to the codebase will be created in your project
[info] with sample code pre-configured.

[info] See https://firebase.google.com/docs/functions/organize-functions for
[info] more information on organizing your functions using codebases.

[info] Functions can be deployed with firebase deploy.

[info] +  Wrote functions/package.json 
[info] +  Wrote functions/.eslintrc.js 
[info] +  Wrote functions/tsconfig.dev.json 
[info] +  Wrote functions/tsconfig.json 
[info] +  Wrote functions/src/index.ts 
[info] +  Wrote functions/.gitignore 
[info] 
